#
# There is insufficient memory for the Java Runtime Environment to continue.
# Native memory allocation (mmap) failed to map 268435456 bytes for G1 virtual space
# Possible reasons:
#   The system is out of physical RAM or swap space
#   The process is running with CompressedOops enabled, and the Java Heap may be blocking the growth of the native heap
# Possible solutions:
#   Reduce memory load on the system
#   Increase physical memory or swap space
#   Check if swap backing store is full
#   Decrease Java heap size (-Xmx/-Xms)
#   Decrease number of Java threads
#   Decrease Java thread stack sizes (-Xss)
#   Set larger code cache with -XX:ReservedCodeCacheSize=
#   JVM is running with Zero Based Compressed Oops mode in which the Java heap is
#     placed in the first 32GB address space. The Java Heap base address is the
#     maximum limit for the native heap growth. Please use -XX:HeapBaseMinAddress
#     to set the Java Heap base and to place the Java Heap above 32GB virtual address.
# This output file may be truncated or incomplete.
#
#  Out of Memory Error (os_windows.cpp:3541), pid=7588, tid=17312
#
# JRE version:  (17.0.4.1+1) (build )
# Java VM: OpenJDK 64-Bit Server VM (17.0.4.1+1, mixed mode, sharing, tiered, compressed oops, compressed class ptrs, g1 gc, windows-amd64)
# No core dump will be written. Minidumps are not enabled by default on client versions of Windows
#

---------------  S U M M A R Y ------------

Command Line: -Dfile.encoding=UTF-8 -XX:+ShowCodeDetailsInExceptionMessages main_pck.main_chess

Host: Intel(R) Core(TM) i5-8400 CPU @ 2.80GHz, 6 cores, 15G,  Windows 11 , 64 bit Build 22621 (10.0.22621.3085)
Time: Sat Jun 22 22:24:46 2024 Pacific Daylight Time elapsed time: 0.031993 seconds (0d 0h 0m 0s)

---------------  T H R E A D  ---------------

Current thread (0x000002459316f6c0):  JavaThread "Unknown thread" [_thread_in_vm, id=17312, stack(0x000000aa37500000,0x000000aa37600000)]

Stack: [0x000000aa37500000,0x000000aa37600000]
Native frames: (J=compiled Java code, j=interpreted, Vv=VM code, C=native code)
V  [jvm.dll+0x67731a]
V  [jvm.dll+0x832284]
V  [jvm.dll+0x833a2e]
V  [jvm.dll+0x834093]
V  [jvm.dll+0x245775]
V  [jvm.dll+0x674209]
V  [jvm.dll+0x668a92]
V  [jvm.dll+0x30471b]
V  [jvm.dll+0x30bc66]
V  [jvm.dll+0x35ba9e]
V  [jvm.dll+0x35bccf]
V  [jvm.dll+0x2db5b8]
V  [jvm.dll+0x2dc524]
V  [jvm.dll+0x803db1]
V  [jvm.dll+0x3698f1]
V  [jvm.dll+0x7e31bc]
V  [jvm.dll+0x3ec25f]
V  [jvm.dll+0x3edde1]
C  [jli.dll+0x5277]
C  [ucrtbase.dll+0x29363]
C  [KERNEL32.DLL+0x1257d]
C  [ntdll.dll+0x5aa58]


---------------  P R O C E S S  ---------------

Threads class SMR info:
_java_thread_list=0x00007ff8d08a4e98, length=0, elements={
}

Java Threads: ( => current thread )

Other Threads:
  0x00000245931db9e0 GCTaskThread "GC Thread#0" [stack: 0x000000aa37600000,0x000000aa37700000] [id=13436]
  0x00000245931ec7f0 ConcurrentGCThread "G1 Main Marker" [stack: 0x000000aa37700000,0x000000aa37800000] [id=17668]
  0x00000245931ed200 ConcurrentGCThread "G1 Conc#0" [stack: 0x000000aa37800000,0x000000aa37900000] [id=5220]

[error occurred during error reporting (printing all threads), id 0xc0000005, EXCEPTION_ACCESS_VIOLATION (0xc0000005) at pc=0x00007ff8d007c047]

VM state: not at safepoint (not fully initialized)

VM Mutex/Monitor currently owned by a thread:  ([mutex/lock_event])
[0x000002459316b440] Heap_lock - owner thread: 0x000002459316f6c0

Heap address: 0x0000000701200000, size: 4078 MB, Compressed Oops mode: Zero based, Oop shift amount: 3

CDS archive(s) mapped at: [0x0000000000000000-0x0000000000000000-0x0000000000000000), size 0, SharedBaseAddress: 0x0000000800000000, ArchiveRelocationMode: 0.
Narrow klass base: 0x0000000000000000, Narrow klass shift: 0, Narrow klass range: 0x0

GC Precious Log:
<Empty>

Heap:
 garbage-first heap   total 0K, used 0K [0x0000000701200000, 0x0000000800000000)
  region size 2048K, 0 young (0K), 0 survivors (0K)

[error occurred during error reporting (printing heap information), id 0xc0000005, EXCEPTION_ACCESS_VIOLATION (0xc0000005) at pc=0x00007ff8d0460699]

GC Heap History (0 events):
No events

Deoptimization events (0 events):
No events

Classes unloaded (0 events):
No events

Classes redefined (0 events):
No events

Internal exceptions (0 events):
No events

VM Operations (0 events):
No events

Events (1 events):
Event: 0.008 Loaded shared library C:\Users\cwpow\.p2\pool\plugins\org.eclipse.justj.openjdk.hotspot.jre.full.win32.x86_64_17.0.4.v20220903-1038\jre\bin\java.dll


Dynamic libraries:
0x00007ff74d630000 - 0x00007ff74d63e000 	C:\Users\cwpow\.p2\pool\plugins\org.eclipse.justj.openjdk.hotspot.jre.full.win32.x86_64_17.0.4.v20220903-1038\jre\bin\javaw.exe
0x00007ff96fdd0000 - 0x00007ff96ffe7000 	C:\WINDOWS\SYSTEM32\ntdll.dll
0x00007ff96ea00000 - 0x00007ff96eac4000 	C:\WINDOWS\System32\KERNEL32.DLL
0x00007ff96d3c0000 - 0x00007ff96d766000 	C:\WINDOWS\System32\KERNELBASE.dll
0x00007ff96d810000 - 0x00007ff96d921000 	C:\WINDOWS\System32\ucrtbase.dll
0x00007ff962c50000 - 0x00007ff962c68000 	C:\Users\cwpow\.p2\pool\plugins\org.eclipse.justj.openjdk.hotspot.jre.full.win32.x86_64_17.0.4.v20220903-1038\jre\bin\jli.dll
0x00007ff96ee00000 - 0x00007ff96efae000 	C:\WINDOWS\System32\USER32.dll
0x00007ff96d140000 - 0x00007ff96d166000 	C:\WINDOWS\System32\win32u.dll
0x00007ff96dc80000 - 0x00007ff96dca9000 	C:\WINDOWS\System32\GDI32.dll
0x00007ff96d1e0000 - 0x00007ff96d2f8000 	C:\WINDOWS\System32\gdi32full.dll
0x00007ff96d770000 - 0x00007ff96d80a000 	C:\WINDOWS\System32\msvcp_win.dll
0x00007ff962df0000 - 0x00007ff962e09000 	C:\Users\cwpow\.p2\pool\plugins\org.eclipse.justj.openjdk.hotspot.jre.full.win32.x86_64_17.0.4.v20220903-1038\jre\bin\VCRUNTIME140.dll
0x00007ff95dc10000 - 0x00007ff95dea3000 	C:\WINDOWS\WinSxS\amd64_microsoft.windows.common-controls_6595b64144ccf1df_6.0.22621.2506_none_270c5ae97388e100\COMCTL32.dll
0x00007ff96e530000 - 0x00007ff96e5d7000 	C:\WINDOWS\System32\msvcrt.dll
0x00007ff96e9c0000 - 0x00007ff96e9f1000 	C:\WINDOWS\System32\IMM32.DLL
0x00007ff962ca0000 - 0x00007ff962cac000 	C:\Users\cwpow\.p2\pool\plugins\org.eclipse.justj.openjdk.hotspot.jre.full.win32.x86_64_17.0.4.v20220903-1038\jre\bin\vcruntime140_1.dll
0x00007ff962910000 - 0x00007ff9629a1000 	C:\Users\cwpow\.p2\pool\plugins\org.eclipse.justj.openjdk.hotspot.jre.full.win32.x86_64_17.0.4.v20220903-1038\jre\bin\msvcp140.dll
0x00007ff8cfd90000 - 0x00007ff8d09d6000 	C:\Users\cwpow\.p2\pool\plugins\org.eclipse.justj.openjdk.hotspot.jre.full.win32.x86_64_17.0.4.v20220903-1038\jre\bin\server\jvm.dll
0x00007ff96e7a0000 - 0x00007ff96e853000 	C:\WINDOWS\System32\ADVAPI32.dll
0x00007ff96e860000 - 0x00007ff96e908000 	C:\WINDOWS\System32\sechost.dll
0x00007ff96d110000 - 0x00007ff96d138000 	C:\WINDOWS\System32\bcrypt.dll
0x00007ff96eaf0000 - 0x00007ff96ec07000 	C:\WINDOWS\System32\RPCRT4.dll
0x00007ff96fbe0000 - 0x00007ff96fbe8000 	C:\WINDOWS\System32\PSAPI.DLL
0x00007ff9685b0000 - 0x00007ff9685b9000 	C:\WINDOWS\SYSTEM32\WSOCK32.dll
0x00007ff96f6f0000 - 0x00007ff96f761000 	C:\WINDOWS\System32\WS2_32.dll
0x00007ff9664d0000 - 0x00007ff966504000 	C:\WINDOWS\SYSTEM32\WINMM.dll
0x00007ff9658f0000 - 0x00007ff9658fa000 	C:\WINDOWS\SYSTEM32\VERSION.dll
0x00007ff96c130000 - 0x00007ff96c148000 	C:\WINDOWS\SYSTEM32\kernel.appcore.dll
0x00007ff968110000 - 0x00007ff96811a000 	C:\Users\cwpow\.p2\pool\plugins\org.eclipse.justj.openjdk.hotspot.jre.full.win32.x86_64_17.0.4.v20220903-1038\jre\bin\jimage.dll
0x00007ff95a2c0000 - 0x00007ff95a4f3000 	C:\WINDOWS\SYSTEM32\DBGHELP.DLL
0x00007ff96f850000 - 0x00007ff96fbd9000 	C:\WINDOWS\System32\combase.dll
0x00007ff96f770000 - 0x00007ff96f847000 	C:\WINDOWS\System32\OLEAUT32.dll
0x00007ff9495d0000 - 0x00007ff949602000 	C:\WINDOWS\SYSTEM32\dbgcore.DLL
0x00007ff96d930000 - 0x00007ff96d9aa000 	C:\WINDOWS\System32\bcryptPrimitives.dll
0x00007ff962e70000 - 0x00007ff962e95000 	C:\Users\cwpow\.p2\pool\plugins\org.eclipse.justj.openjdk.hotspot.jre.full.win32.x86_64_17.0.4.v20220903-1038\jre\bin\java.dll

dbghelp: loaded successfully - version: 4.0.5 - missing functions: none
symbol engine: initialized successfully - sym options: 0x614 - pdb path: .;C:\Users\cwpow\.p2\pool\plugins\org.eclipse.justj.openjdk.hotspot.jre.full.win32.x86_64_17.0.4.v20220903-1038\jre\bin;C:\WINDOWS\SYSTEM32;C:\WINDOWS\WinSxS\amd64_microsoft.windows.common-controls_6595b64144ccf1df_6.0.22621.2506_none_270c5ae97388e100;C:\Users\cwpow\.p2\pool\plugins\org.eclipse.justj.openjdk.hotspot.jre.full.win32.x86_64_17.0.4.v20220903-1038\jre\bin\server

VM Arguments:
jvm_args: -Dfile.encoding=UTF-8 -XX:+ShowCodeDetailsInExceptionMessages 
java_command: main_pck.main_chess
java_class_path (initial): C:\Users\cwpow\eclipse-workspace\CHESS_GAME\bin
Launcher Type: SUN_STANDARD

[Global flags]
     intx CICompilerCount                          = 3                                         {product} {ergonomic}
     uint ConcGCThreads                            = 2                                         {product} {ergonomic}
     uint G1ConcRefinementThreads                  = 6                                         {product} {ergonomic}
   size_t G1HeapRegionSize                         = 2097152                                   {product} {ergonomic}
    uintx GCDrainStackTargetSize                   = 64                                        {product} {ergonomic}
   size_t InitialHeapSize                          = 268435456                                 {product} {ergonomic}
   size_t MarkStackSize                            = 4194304                                   {product} {ergonomic}
   size_t MaxHeapSize                              = 4276092928                                {product} {ergonomic}
   size_t MinHeapDeltaBytes                        = 2097152                                   {product} {ergonomic}
   size_t MinHeapSize                              = 8388608                                   {product} {ergonomic}
    uintx NonNMethodCodeHeapSize                   = 5832780                                {pd product} {ergonomic}
    uintx NonProfiledCodeHeapSize                  = 122912730                              {pd product} {ergonomic}
    uintx ProfiledCodeHeapSize                     = 122912730                              {pd product} {ergonomic}
    uintx ReservedCodeCacheSize                    = 251658240                              {pd product} {ergonomic}
     bool SegmentedCodeCache                       = true                                      {product} {ergonomic}
     bool ShowCodeDetailsInExceptionMessages       = true                                   {manageable} {command line}
   size_t SoftMaxHeapSize                          = 4276092928                             {manageable} {ergonomic}
     bool UseCompressedClassPointers               = true                           {product lp64_product} {ergonomic}
     bool UseCompressedOops                        = true                           {product lp64_product} {ergonomic}
     bool UseG1GC                                  = true                                      {product} {ergonomic}
     bool UseLargePagesIndividualAllocation        = false                                  {pd product} {ergonomic}

Logging:
Log output configuration:
 #0: stdout all=warning uptime,level,tags
 #1: stderr all=off uptime,level,tags

Environment Variables:
PATH=C:/Users/cwpow/.p2/pool/plugins/org.eclipse.justj.openjdk.hotspot.jre.full.win32.x86_64_17.0.4.v20220903-1038/jre/bin/server;C:/Users/cwpow/.p2/pool/plugins/org.eclipse.justj.openjdk.hotspot.jre.full.win32.x86_64_17.0.4.v20220903-1038/jre/bin;C:\Program Files (x86)\Common Files\Oracle\Java\javapath;C:\Windows\system32;C:\Windows;C:\Windows\System32\Wbem;C:\Windows\System32\WindowsPowerShell\v1.0\;C:\Windows\System32\OpenSSH\;C:\Program Files (x86)\NVIDIA Corporation\PhysX\Common;C:\Program Files\NVIDIA Corporation\NVIDIA NvDLISR;C:\WINDOWS\system32;C:\WINDOWS;C:\WINDOWS\System32\Wbem;C:\WINDOWS\System32\WindowsPowerShell\v1.0\;C:\WINDOWS\System32\OpenSSH\;C:\Program Files\dotnet\;C:\Users\cwpow\AppData\Local\Microsoft\WindowsApps;;C:\WINDOWS\system32;
USERNAME=cwpow
OS=Windows_NT
PROCESSOR_IDENTIFIER=Intel64 Family 6 Model 158 Stepping 10, GenuineIntel
TMP=C:\Users\cwpow\AppData\Local\Temp
TEMP=C:\Users\cwpow\AppData\Local\Temp



---------------  S Y S T E M  ---------------

OS:
 Windows 11 , 64 bit Build 22621 (10.0.22621.3085)
OS uptime: 0 days 11:02 hours

CPU: total 6 (initial active 6) (6 cores per cpu, 1 threads per core) family 6 model 158 stepping 10 microcode 0xde, cx8, cmov, fxsr, mmx, 3dnowpref, sse, sse2, sse3, ssse3, sse4.1, sse4.2, popcnt, lzcnt, tsc, tscinvbit, avx, avx2, erms, clmul, bmi1, bmi2, adx, fma, vzeroupper, clflush, clflushopt

Memory: 4k page, system-wide physical 16310M (6398M free)
TotalPageFile size 19264M (AvailPageFile size 183M)
current process WorkingSet (physical memory assigned to process): 11M, peak: 11M
current process commit charge ("private bytes"): 56M, peak: 312M

vm_info: OpenJDK 64-Bit Server VM (17.0.4.1+1) for windows-amd64 JRE (17.0.4.1+1), built on Aug 17 2022 07:42:43 by "temurin" with MS VC++ 16.7 (VS2019)

END.
